<?xml version="1.0" encoding="UTF-8"?>
<testng-results ignored="0" total="1" passed="1" failed="0" skipped="0">
  <reporter-output>
  </reporter-output>
  <suite started-at="2023-01-22T01:20:08Z" name="Default suite" finished-at="2023-01-22T01:20:13Z" duration-ms="4449">
    <groups>
    </groups>
    <test started-at="2023-01-22T01:20:08Z" name="Default test" finished-at="2023-01-22T01:20:13Z" duration-ms="4449">
      <class name="com.google.GoogleAbierto">
        <test-method signature="f()[pri:0, instance:com.google.GoogleAbierto@332729ad]" started-at="2023-01-22T01:20:08Z" name="f" finished-at="2023-01-22T01:20:13Z" duration-ms="4432" status="PASS">
          <reporter-output>
          </reporter-output>
        </test-method> <!-- f -->
      </class> <!-- com.google.GoogleAbierto -->
    </test> <!-- Default test -->
  </suite> <!-- Default suite -->
</testng-results>
